Log file open, 01/26/17 10:10:33
LogInit:Display: Running engine for game: OooSsChung
LogPlatformFile: Not using cached read wrapper
LogInit:Display: RandInit(1623100901) SRandInit(1623100901).
LogTaskGraph: Started task graph with 5 named threads and 8 total threads with 1 sets of task threads.
LogStats: Stats thread started at 0.065532
LogPluginManager: Loaded Plugin Paper2D, From C:/Program Files (x86)/Epic Games/4.14/Engine/Plugins/2D/Paper2D/Paper2D.uplugin
LogPluginManager: Loaded Plugin LightPropagationVolume, From C:/Program Files (x86)/Epic Games/4.14/Engine/Plugins/Blendables/LightPropagationVolume/LightPropagationVolume.uplugin
LogPluginManager: Loaded Plugin BlankPlugin, From C:/Program Files (x86)/Epic Games/4.14/Engine/Plugins/Developer/BlankPlugin/BlankPlugin.uplugin
LogPluginManager: Loaded Plugin CodeLiteSourceCodeAccess, From C:/Program Files (x86)/Epic Games/4.14/Engine/Plugins/Developer/CodeLiteSourceCodeAccess/CodeLiteSourceCodeAccess.uplugin
LogPluginManager: Loaded Plugin GitSourceControl, From C:/Program Files (x86)/Epic Games/4.14/Engine/Plugins/Developer/GitSourceControl/GitSourceControl.uplugin
LogPluginManager: Loaded Plugin KDevelopSourceCodeAccess, From C:/Program Files (x86)/Epic Games/4.14/Engine/Plugins/Developer/KDevelopSourceCodeAccess/KDevelopSourceCodeAccess.uplugin
LogPluginManager: Loaded Plugin NullSourceCodeAccess, From C:/Program Files (x86)/Epic Games/4.14/Engine/Plugins/Developer/NullSourceCodeAccess/NullSourceCodeAccess.uplugin
LogPluginManager: Loaded Plugin OneSkyLocalizationService, From C:/Program Files (x86)/Epic Games/4.14/Engine/Plugins/Developer/OneSkyLocalizationService/OneSkyLocalizationService.uplugin
LogPluginManager: Loaded Plugin PerforceSourceControl, From C:/Program Files (x86)/Epic Games/4.14/Engine/Plugins/Developer/PerforceSourceControl/PerforceSourceControl.uplugin
LogPluginManager: Loaded Plugin SubversionSourceControl, From C:/Program Files (x86)/Epic Games/4.14/Engine/Plugins/Developer/SubversionSourceControl/SubversionSourceControl.uplugin
LogPluginManager: Loaded Plugin UObjectPlugin, From C:/Program Files (x86)/Epic Games/4.14/Engine/Plugins/Developer/UObjectPlugin/UObjectPlugin.uplugin
LogPluginManager: Loaded Plugin VisualStudioSourceCodeAccess, From C:/Program Files (x86)/Epic Games/4.14/Engine/Plugins/Developer/VisualStudioSourceCodeAccess/VisualStudioSourceCodeAccess.uplugin
LogPluginManager: Loaded Plugin XCodeSourceCodeAccess, From C:/Program Files (x86)/Epic Games/4.14/Engine/Plugins/Developer/XCodeSourceCodeAccess/XCodeSourceCodeAccess.uplugin
LogPluginManager: Loaded Plugin AudioCapture, From C:/Program Files (x86)/Epic Games/4.14/Engine/Plugins/Editor/AudioCapture/AudioCapture.uplugin
LogPluginManager: Loaded Plugin EpicSurvey, From C:/Program Files (x86)/Epic Games/4.14/Engine/Plugins/Editor/EpicSurvey/EpicSurvey.uplugin
LogPluginManager: Loaded Plugin MacGraphicsSwitching, From C:/Program Files (x86)/Epic Games/4.14/Engine/Plugins/Editor/MacGraphicsSwitching/MacGraphicsSwitching.uplugin
LogPluginManager: Loaded Plugin MobileLauncherProfileWizard, From C:/Program Files (x86)/Epic Games/4.14/Engine/Plugins/Editor/MobileLauncherProfileWizard/MobileLauncherProfileWizard.uplugin
LogPluginManager: Loaded Plugin PluginBrowser, From C:/Program Files (x86)/Epic Games/4.14/Engine/Plugins/Editor/PluginBrowser/PluginBrowser.uplugin
LogPluginManager: Loaded Plugin SpeedTreeImporter, From C:/Program Files (x86)/Epic Games/4.14/Engine/Plugins/Editor/SpeedTreeImporter/SpeedTreeImporter.uplugin
LogPluginManager: Loaded Plugin SuperSearchEditor, From C:/Program Files (x86)/Epic Games/4.14/Engine/Plugins/Editor/SuperSearchEditor/SuperSearchEditor.uplugin
LogPluginManager: Loaded Plugin AlembicImporter, From C:/Program Files (x86)/Epic Games/4.14/Engine/Plugins/Experimental/AlembicImporter/AlembicImporter.uplugin
LogPluginManager: Loaded Plugin BlueprintStats, From C:/Program Files (x86)/Epic Games/4.14/Engine/Plugins/Experimental/BlueprintStats/BlueprintStats.uplugin
LogPluginManager: Loaded Plugin CharacterAI, From C:/Program Files (x86)/Epic Games/4.14/Engine/Plugins/Experimental/CharacterAI/CharacterAI.uplugin
LogPluginManager: Loaded Plugin CodeEditor, From C:/Program Files (x86)/Epic Games/4.14/Engine/Plugins/Experimental/CodeEditor/CodeEditor.uplugin
LogPluginManager: Loaded Plugin CodeView, From C:/Program Files (x86)/Epic Games/4.14/Engine/Plugins/Experimental/CodeView/CodeView.uplugin
LogPluginManager: Loaded Plugin HTML5Networking, From C:/Program Files (x86)/Epic Games/4.14/Engine/Plugins/Experimental/HTML5Networking/HTML5Networking.uplugin
LogPluginManager: Loaded Plugin OSVR, From C:/Program Files (x86)/Epic Games/4.14/Engine/Plugins/Experimental/OSVR/OSVR.uplugin
LogPluginManager: Loaded Plugin Phya, From C:/Program Files (x86)/Epic Games/4.14/Engine/Plugins/Experimental/Phya/Phya.uplugin
LogPluginManager: Loaded Plugin SignificanceManager, From C:/Program Files (x86)/Epic Games/4.14/Engine/Plugins/Experimental/SignificanceManager/SignificanceManager.uplugin
LogPluginManager: Loaded Plugin SimpleHMD, From C:/Program Files (x86)/Epic Games/4.14/Engine/Plugins/Experimental/SimpleHMD/SimpleHMD.uplugin
LogPluginManager: Loaded Plugin StereoPanorama, From C:/Program Files (x86)/Epic Games/4.14/Engine/Plugins/Experimental/StereoPanorama/StereoPanorama.uplugin
LogPluginManager: Loaded Plugin StructBox, From C:/Program Files (x86)/Epic Games/4.14/Engine/Plugins/Experimental/StructBox/StructBox.uplugin
LogPluginManager: Loaded Plugin AndroidMedia, From C:/Program Files (x86)/Epic Games/4.14/Engine/Plugins/Media/AndroidMedia/AndroidMedia.uplugin
LogPluginManager: Loaded Plugin AvfMedia, From C:/Program Files (x86)/Epic Games/4.14/Engine/Plugins/Media/AvfMedia/AvfMedia.uplugin
LogPluginManager: Loaded Plugin MediaPlayerEditor, From C:/Program Files (x86)/Epic Games/4.14/Engine/Plugins/Media/MediaPlayerEditor/MediaPlayerEditor.uplugin
LogPluginManager: Loaded Plugin WmfMedia, From C:/Program Files (x86)/Epic Games/4.14/Engine/Plugins/Media/WmfMedia/WmfMedia.uplugin
LogPluginManager: Loaded Plugin MessagingDebugger, From C:/Program Files (x86)/Epic Games/4.14/Engine/Plugins/Messaging/MessagingDebugger/MessagingDebugger.uplugin
LogPluginManager: Loaded Plugin TcpMessaging, From C:/Program Files (x86)/Epic Games/4.14/Engine/Plugins/Messaging/TcpMessaging/TcpMessaging.uplugin
LogPluginManager: Loaded Plugin UdpMessaging, From C:/Program Files (x86)/Epic Games/4.14/Engine/Plugins/Messaging/UdpMessaging/UdpMessaging.uplugin
LogPluginManager: Loaded Plugin LevelSequenceEditor, From C:/Program Files (x86)/Epic Games/4.14/Engine/Plugins/MovieScene/LevelSequenceEditor/LevelSequenceEditor.uplugin
LogPluginManager: Loaded Plugin MatineeToLevelSequence, From C:/Program Files (x86)/Epic Games/4.14/Engine/Plugins/MovieScene/MatineeToLevelSequence/MatineeToLevelSequence.uplugin
LogPluginManager: Loaded Plugin NetcodeUnitTest, From C:/Program Files (x86)/Epic Games/4.14/Engine/Plugins/NetcodeUnitTest/NetcodeUnitTest/NetcodeUnitTest.uplugin
LogPluginManager: Loaded Plugin NUTUnrealEngine4, From C:/Program Files (x86)/Epic Games/4.14/Engine/Plugins/NetcodeUnitTest/NUTUnrealEngine4/NUTUnrealEngine4.uplugin
LogPluginManager: Loaded Plugin OnlineSubsystemGameCircle, From C:/Program Files (x86)/Epic Games/4.14/Engine/Plugins/Online/Android/OnlineSubsystemGameCircle/OnlineSubsystemGameCircle.uplugin
LogPluginManager: Loaded Plugin OnlineSubsystemGooglePlay, From C:/Program Files (x86)/Epic Games/4.14/Engine/Plugins/Online/Android/OnlineSubsystemGooglePlay/OnlineSubsystemGooglePlay.uplugin
LogPluginManager: Loaded Plugin OnlineSubsystemIOS, From C:/Program Files (x86)/Epic Games/4.14/Engine/Plugins/Online/IOS/OnlineSubsystemIOS/OnlineSubsystemIOS.uplugin
LogPluginManager: Loaded Plugin OnlineFramework, From C:/Program Files (x86)/Epic Games/4.14/Engine/Plugins/Online/OnlineFramework/OnlineFramework.uplugin
LogPluginManager: Loaded Plugin OnlineSubsystem, From C:/Program Files (x86)/Epic Games/4.14/Engine/Plugins/Online/OnlineSubsystem/OnlineSubsystem.uplugin
LogPluginManager: Loaded Plugin OnlineSubsystemAmazon, From C:/Program Files (x86)/Epic Games/4.14/Engine/Plugins/Online/OnlineSubsystemAmazon/OnlineSubsystemAmazon.uplugin
LogPluginManager: Loaded Plugin OnlineSubsystemFacebook, From C:/Program Files (x86)/Epic Games/4.14/Engine/Plugins/Online/OnlineSubsystemFacebook/OnlineSubsystemFacebook.uplugin
LogPluginManager: Loaded Plugin OnlineSubsystemNull, From C:/Program Files (x86)/Epic Games/4.14/Engine/Plugins/Online/OnlineSubsystemNull/OnlineSubsystemNull.uplugin
LogPluginManager: Loaded Plugin OnlineSubsystemOculus, From C:/Program Files (x86)/Epic Games/4.14/Engine/Plugins/Online/OnlineSubsystemOculus/OnlineSubsystemOculus.uplugin
LogPluginManager: Loaded Plugin OnlineSubsystemSteam, From C:/Program Files (x86)/Epic Games/4.14/Engine/Plugins/Online/OnlineSubsystemSteam/OnlineSubsystemSteam.uplugin
LogPluginManager: Loaded Plugin OnlineSubsystemUtils, From C:/Program Files (x86)/Epic Games/4.14/Engine/Plugins/Online/OnlineSubsystemUtils/OnlineSubsystemUtils.uplugin
LogPluginManager: Loaded Plugin IOSTapJoy, From C:/Program Files (x86)/Epic Games/4.14/Engine/Plugins/Runtime/Advertising/IOSTapJoy/IOSTapJoy.uplugin
LogPluginManager: Loaded Plugin AnalyticsBlueprintLibrary, From C:/Program Files (x86)/Epic Games/4.14/Engine/Plugins/Runtime/Analytics/AnalyticsBlueprintLibrary/AnalyticsBlueprintLibrary.uplugin
LogPluginManager: Loaded Plugin AnalyticsMulticast, From C:/Program Files (x86)/Epic Games/4.14/Engine/Plugins/Runtime/Analytics/AnalyticsMulticast/AnalyticsMulticast.uplugin
LogPluginManager: Loaded Plugin Apsalar, From C:/Program Files (x86)/Epic Games/4.14/Engine/Plugins/Runtime/Analytics/Apsalar/Apsalar.uplugin
LogPluginManager: Loaded Plugin FileLogging, From C:/Program Files (x86)/Epic Games/4.14/Engine/Plugins/Runtime/Analytics/FileLogging/FileLogging.uplugin
LogPluginManager: Loaded Plugin Flurry, From C:/Program Files (x86)/Epic Games/4.14/Engine/Plugins/Runtime/Analytics/Flurry/Flurry.uplugin
LogPluginManager: Loaded Plugin AndroidDeviceProfileSelector, From C:/Program Files (x86)/Epic Games/4.14/Engine/Plugins/Runtime/AndroidDeviceProfileSelector/AndroidDeviceProfileSelector.uplugin
LogPluginManager: Loaded Plugin AndroidMoviePlayer, From C:/Program Files (x86)/Epic Games/4.14/Engine/Plugins/Runtime/AndroidMoviePlayer/AndroidMoviePlayer.uplugin
LogPluginManager: Loaded Plugin AppleMoviePlayer, From C:/Program Files (x86)/Epic Games/4.14/Engine/Plugins/Runtime/AppleMoviePlayer/AppleMoviePlayer.uplugin
LogPluginManager: Loaded Plugin ArchVisCharacter, From C:/Program Files (x86)/Epic Games/4.14/Engine/Plugins/Runtime/ArchVisCharacter/ArchVisCharacter.uplugin
LogPluginManager: Loaded Plugin CableComponent, From C:/Program Files (x86)/Epic Games/4.14/Engine/Plugins/Runtime/CableComponent/CableComponent.uplugin
LogPluginManager: Loaded Plugin CustomMeshComponent, From C:/Program Files (x86)/Epic Games/4.14/Engine/Plugins/Runtime/CustomMeshComponent/CustomMeshComponent.uplugin
LogPluginManager: Loaded Plugin ExampleDeviceProfileSelector, From C:/Program Files (x86)/Epic Games/4.14/Engine/Plugins/Runtime/ExampleDeviceProfileSelector/ExampleDeviceProfileSelector.uplugin
LogPluginManager: Loaded Plugin GearVR, From C:/Program Files (x86)/Epic Games/4.14/Engine/Plugins/Runtime/GearVR/GearVR.uplugin
LogPluginManager: Loaded Plugin GoogleVRController, From C:/Program Files (x86)/Epic Games/4.14/Engine/Plugins/Runtime/GoogleVR/GoogleVRController/GoogleVRController.uplugin
LogPluginManager: Loaded Plugin GoogleVRHMD, From C:/Program Files (x86)/Epic Games/4.14/Engine/Plugins/Runtime/GoogleVR/GoogleVRHMD/GoogleVRHMD.uplugin
LogPluginManager: Loaded Plugin IOSDeviceProfileSelector, From C:/Program Files (x86)/Epic Games/4.14/Engine/Plugins/Runtime/IOSDeviceProfileSelector/IOSDeviceProfileSelector.uplugin
LogPluginManager: Loaded Plugin LeapMotion, From C:/Program Files (x86)/Epic Games/4.14/Engine/Plugins/Runtime/LeapMotion/LeapMotion.uplugin
LogPluginManager: Loaded Plugin LinuxDeviceProfileSelector, From C:/Program Files (x86)/Epic Games/4.14/Engine/Plugins/Runtime/LinuxDeviceProfileSelector/LinuxDeviceProfileSelector.uplugin
LogPluginManager: Loaded Plugin MIDIDevice, From C:/Program Files (x86)/Epic Games/4.14/Engine/Plugins/Runtime/MIDIDevice/MIDIDevice.uplugin
LogPluginManager: Loaded Plugin MobilePatchingUtils, From C:/Program Files (x86)/Epic Games/4.14/Engine/Plugins/Runtime/MobilePatchingUtils/MobilePatchingUtils.uplugin
LogPluginManager: Loaded Plugin Ansel, From C:/Program Files (x86)/Epic Games/4.14/Engine/Plugins/Runtime/Nvidia/Ansel/Ansel.uplugin
LogPluginManager: Loaded Plugin OculusAudio, From C:/Program Files (x86)/Epic Games/4.14/Engine/Plugins/Runtime/OculusAudio/OculusAudio.uplugin
LogPluginManager: Loaded Plugin OculusInput, From C:/Program Files (x86)/Epic Games/4.14/Engine/Plugins/Runtime/OculusInput/OculusInput.uplugin
LogPluginManager: Loaded Plugin OculusLibrary, From C:/Program Files (x86)/Epic Games/4.14/Engine/Plugins/Runtime/OculusLibrary/OculusLibrary.uplugin
LogPluginManager: Loaded Plugin OculusRift, From C:/Program Files (x86)/Epic Games/4.14/Engine/Plugins/Runtime/OculusRift/OculusRift.uplugin
LogPluginManager: Loaded Plugin Oodle, From C:/Program Files (x86)/Epic Games/4.14/Engine/Plugins/Runtime/PacketHandlers/CompressionComponents/Oodle/Oodle.uplugin
LogPluginManager: Loaded Plugin ProceduralMeshComponent, From C:/Program Files (x86)/Epic Games/4.14/Engine/Plugins/Runtime/ProceduralMeshComponent/ProceduralMeshComponent.uplugin
LogPluginManager: Loaded Plugin SoundMod, From C:/Program Files (x86)/Epic Games/4.14/Engine/Plugins/Runtime/SoundMod/SoundMod.uplugin
LogPluginManager: Loaded Plugin SoundVisualizations, From C:/Program Files (x86)/Epic Games/4.14/Engine/Plugins/Runtime/SoundVisualizations/SoundVisualizations.uplugin
LogPluginManager: Loaded Plugin SteamController, From C:/Program Files (x86)/Epic Games/4.14/Engine/Plugins/Runtime/Steam/SteamController/SteamController.uplugin
LogPluginManager: Loaded Plugin SteamVR, From C:/Program Files (x86)/Epic Games/4.14/Engine/Plugins/Runtime/Steam/SteamVR/SteamVR.uplugin
LogPluginManager: Loaded Plugin WebBrowserWidget, From C:/Program Files (x86)/Epic Games/4.14/Engine/Plugins/Runtime/WebBrowserWidget/WebBrowserWidget.uplugin
LogPluginManager: Loaded Plugin WindowsDeviceProfileSelector, From C:/Program Files (x86)/Epic Games/4.14/Engine/Plugins/Runtime/WindowsDeviceProfileSelector/WindowsDeviceProfileSelector.uplugin
LogPluginManager: Loaded Plugin WindowsMoviePlayer, From C:/Program Files (x86)/Epic Games/4.14/Engine/Plugins/Runtime/WindowsMoviePlayer/WindowsMoviePlayer.uplugin
LogPluginManager: Loaded Plugin ScriptPlugin, From C:/Program Files (x86)/Epic Games/4.14/Engine/Plugins/ScriptPlugin/ScriptPlugin.uplugin
LogPluginManager: Loaded Plugin SlateRemote, From C:/Program Files (x86)/Epic Games/4.14/Engine/Plugins/Slate/SlateRemote/SlateRemote.uplugin
LogPluginManager: Loaded Plugin EditorTests, From C:/Program Files (x86)/Epic Games/4.14/Engine/Plugins/Tests/EditorTests/EditorTests.uplugin
LogPluginManager: Loaded Plugin FbxAutomationTestBuilder, From C:/Program Files (x86)/Epic Games/4.14/Engine/Plugins/Tests/FbxAutomationTestBuilder/FbxAutomationTestBuilder.uplugin
LogPluginManager: Loaded Plugin FunctionalTestingEditor, From C:/Program Files (x86)/Epic Games/4.14/Engine/Plugins/Tests/FunctionalTestingEditor/FunctionalTestingEditor.uplugin
LogPluginManager: Loaded Plugin RuntimeTests, From C:/Program Files (x86)/Epic Games/4.14/Engine/Plugins/Tests/RuntimeTests/RuntimeTests.uplugin
LogPluginManager: Loaded Plugin ScreenshotTools, From C:/Program Files (x86)/Epic Games/4.14/Engine/Plugins/Tests/ScreenshotTools/ScreenshotTools.uplugin
LogInit: Using libcurl 7.47.1
LogInit:  - built for x86_64-pc-win32
LogInit:  - supports SSL with OpenSSL/1.0.2g
LogInit:  - supports HTTP deflate (compression) using libz 1.2.8
LogInit:  - other features:
LogInit:      CURL_VERSION_SSL
LogInit:      CURL_VERSION_LIBZ
LogInit:      CURL_VERSION_IPV6
LogInit:      CURL_VERSION_ASYNCHDNS
LogInit:      CURL_VERSION_LARGEFILE
LogInit:      CURL_VERSION_IDN
LogInit:  CurlRequestOptions (configurable via config and command line):
LogInit:  - bVerifyPeer = false  - Libcurl will NOT verify peer certificate
LogInit:  - bUseHttpProxy = false  - Libcurl will NOT use HTTP proxy
LogInit:  - bDontReuseConnections = false  - Libcurl will reuse connections
LogInit:  - CertBundlePath = nullptr  - Libcurl will use whatever was configured at build time.
LogInit: Build: ++UE4+Release-4.14-CL-3249277
LogInit: Engine Version: 4.14.3-3249277+++UE4+Release-4.14
LogInit: Compatible Engine Version: 4.14.0-3195953+++UE4+Release-4.14
LogInit: Net CL: 3195953
LogDevObjectVersion: Number of dev versions registered: 13
LogDevObjectVersion:   Dev-Blueprints (B0D832E4-1F89-4F0D-ACCF-7EB736FD4AA2): 7
LogDevObjectVersion:   Dev-Build (E1C64328-A22C-4D53-A36C-8E866417BD8C): 0
LogDevObjectVersion:   Dev-Core (375EC13C-06E4-48FB-B500-84F0262A717E): 1
LogDevObjectVersion:   Dev-Editor (E4B068ED-F494-42E9-A231-DA0B2E46BB41): 8
LogDevObjectVersion:   Dev-Framework (CFFC743F-43B0-4480-9391-14DF171D2073): 17
LogDevObjectVersion:   Dev-Mobile (B02B49B5-BB20-44E9-A304-32B752E40360): 0
LogDevObjectVersion:   Dev-Networking (A4E4105C-59A1-49B5-A7C5-40C4547EDFEE): 0
LogDevObjectVersion:   Dev-Online (39C831C9-5AE6-47DC-9A44-9C173E1C8E7C): 0
LogDevObjectVersion:   Dev-Physics (78F01B33-EBEA-4F98-B9B4-84EACCB95AA2): 0
LogDevObjectVersion:   Dev-Platform (6631380F-2D4D-43E0-8009-CF276956A95A): 0
LogDevObjectVersion:   Dev-Rendering (12F88B9F-8875-4AFC-A67C-D90C383ABD29): 12
LogDevObjectVersion:   Dev-Sequencer (7B5AE74C-D270-4C10-A958-57980B212A5A): 1
LogDevObjectVersion:   Dev-VR (D7296918-1DD6-4BDD-9DE2-64A83CC13884): 0
LogInit: Compiled (64-bit): Jan  6 2017 10:49:43
LogInit: Compiled with Visual C++: 19.00.23026.00
LogInit: Build Configuration: Development
LogInit: Branch Name: ++UE4+Release-4.14
LogInit: Command line:  
LogInit: Base directory: C:/Program Files (x86)/Epic Games/4.14/Engine/Binaries/Win64/
LogInit: Installed Engine Build: 1
LogInit: Presizing for max 8388607 objects, including 0 objects not considered by GC, pre-allocating 0 bytes for permanent pool.
LogInit: Object subsystem initialized
[2017.01.26-01.10.33:967][  0]LogInit: Selected Device Profile: [Windows]
[2017.01.26-01.10.33:967][  0]LogInit: Applying CVar settings loaded from the selected device profile: [Windows]
[2017.01.26-01.10.33:973][  0]LogInit: Computer: USER-PC
[2017.01.26-01.10.33:973][  0]LogInit: User: USER
[2017.01.26-01.10.33:973][  0]LogInit: CPU Page size=65536, Cores=4
[2017.01.26-01.10.33:973][  0]LogInit: High frequency timer resolution =3.328320 MHz
[2017.01.26-01.10.33:973][  0]LogMemory: Memory total: Physical=7.9GB (8GB approx)
[2017.01.26-01.10.33:973][  0]LogMemory: Platform Memory Stats for Windows
[2017.01.26-01.10.33:973][  0]LogMemory: Process Physical Memory: 265.60 MB used, 265.60 MB peak
[2017.01.26-01.10.33:973][  0]LogMemory: Process Virtual Memory: 265.04 MB used, 265.04 MB peak
[2017.01.26-01.10.33:973][  0]LogMemory: Physical Memory: 3859.10 MB used,  4267.61 MB free, 8126.70 MB total
[2017.01.26-01.10.33:973][  0]LogMemory: Virtual Memory: 662.56 MB used,  4267.61 MB free, 8388608.00 MB total
[2017.01.26-01.10.34:002][  0]LogTextLocalizationManager: No specific translations for ('ko-KR') exist, so ('ko') translations will be used.
[2017.01.26-01.10.34:033][  0]LogTextLocalizationManager:Warning: Loaded localization resources contain conflicting entries for (Namespace:KismetSchema, Key:Default):
Localization Resource: (C:/Program Files (x86)/Epic Games/4.14/Engine/Content/Localization/EditorTutorials/ko/EditorTutorials.locres) Source String Hash: (940523119) Localized String: (디폴트)
Localization Resource: (C:/Program Files (x86)/Epic Games/4.14/Engine/Content/Localization/Engine/ko/Engine.locres) Source String Hash: (940523119) Localized String: (기본)
[2017.01.26-01.10.34:033][  0]LogTextLocalizationManager:Warning: Loaded localization resources contain conflicting entries for (Namespace:UObjectToolTips, Key:AnimNode_AssetPlayerBase:InternalTimeAccumulator):
Localization Resource: (C:/Program Files (x86)/Epic Games/4.14/Engine/Content/Localization/EditorTutorials/ko/EditorTutorials.locres) Source String Hash: (502993589) Localized String: (이 노드에서 애셋을 레퍼런싱하는 데 사용되는 누적 시간입니다.)
Localization Resource: (C:/Program Files (x86)/Epic Games/4.14/Engine/Content/Localization/Engine/ko/Engine.locres) Source String Hash: (502993589) Localized String: (이 노드에서 애셋을 레퍼런싱하는 데 사용된 누적 시간입니다.)
[2017.01.26-01.10.34:033][  0]LogTextLocalizationManager:Warning: Loaded localization resources contain conflicting entries for (Namespace:UObjectToolTips, Key:AnimNode_AssetPlayerBase:bIgnoreForRelevancyTest):
Localization Resource: (C:/Program Files (x86)/Epic Games/4.14/Engine/Content/Localization/EditorTutorials/ko/EditorTutorials.locres) Source String Hash: (319969718) Localized String: (True 면, 스테이트에서 최고 가중치 애니메이션을 찾는 "Relevant anim" 노드는 이 노드를 무시합니다.
 )
Localization Resource: (C:/Program Files (x86)/Epic Games/4.14/Engine/Content/Localization/Engine/ko/Engine.locres) Source String Hash: (319969718) Localized String: (True 면 스테이트 내 최고 웨이팅된 애니메이션을 찾는 "Relevant anim" 노드가 무시됩니다.
 )
[2017.01.26-01.10.34:033][  0]LogTextLocalizationManager:Warning: Loaded localization resources contain conflicting entries for (Namespace:UObjectToolTips, Key:AnimNode_AssetPlayerBase:BlendWeight):
Localization Resource: (C:/Program Files (x86)/Epic Games/4.14/Engine/Content/Localization/EditorTutorials/ko/EditorTutorials.locres) Source String Hash: (-1232800293) Localized String: (이 노드에 마지막 걸린 블렌드웨이트 입니다.)
Localization Resource: (C:/Program Files (x86)/Epic Games/4.14/Engine/Content/Localization/Engine/ko/Engine.locres) Source String Hash: (-1232800293) Localized String: (이 노드에 대해 마지막 접한 블렌드 웨이트)
[2017.01.26-01.10.34:240][  0]LogD3D11RHI: D3D11 adapters:
[2017.01.26-01.10.34:253][  0]LogD3D11RHI:    0. 'NVIDIA GeForce GTX 1060 3GB' (Feature Level 11_0)
[2017.01.26-01.10.34:254][  0]LogD3D11RHI:       2986/0/3807 MB DedicatedVideo/DedicatedSystem/SharedSystem, Outputs:1, VendorId:0x10de
[2017.01.26-01.10.34:254][  0]LogD3D11RHI: Chosen D3D11 Adapter: 0
[2017.01.26-01.10.34:258][  0]LogD3D11RHI: Creating new Direct3DDevice
[2017.01.26-01.10.34:258][  0]LogD3D11RHI:     GPU DeviceId: 0x1c02 (for the marketing name, search the web for "GPU Device Id")
[2017.01.26-01.10.34:258][  0]LogWindows: EnumDisplayDevices:
[2017.01.26-01.10.34:258][  0]LogWindows:    0. 'NVIDIA GeForce GTX 1060 3GB' (P:1 D:1)
[2017.01.26-01.10.34:258][  0]LogWindows:    1. 'NVIDIA GeForce GTX 1060 3GB' (P:0 D:0)
[2017.01.26-01.10.34:258][  0]LogWindows:    2. 'NVIDIA GeForce GTX 1060 3GB' (P:0 D:0)
[2017.01.26-01.10.34:258][  0]LogWindows:    3. 'NVIDIA GeForce GTX 1060 3GB' (P:0 D:0)
[2017.01.26-01.10.34:259][  0]LogWindows:    4. 'RDPDD Chained DD' (P:0 D:0)
[2017.01.26-01.10.34:259][  0]LogWindows:    5. 'RDP Encoder Mirror Driver' (P:0 D:0)
[2017.01.26-01.10.34:259][  0]LogWindows:    6. 'RDP Reflector Display Driver' (P:0 D:0)
[2017.01.26-01.10.34:259][  0]LogWindows: DebugString: GetVideoDriverDetailsInvalid PrimaryIsNotTheChoosenAdapter GetVideoDriverDetailsInvalid PrimaryIsNotTheChoosenAdapter GetVideoDriverDetailsInvalid PrimaryIsNotTheChoosenAdapter FoundDriverCount:4 
[2017.01.26-01.10.34:259][  0]LogD3D11RHI:     Adapter Name: NVIDIA GeForce GTX 1060 3GB
[2017.01.26-01.10.34:259][  0]LogD3D11RHI:   Driver Version: 376.33 (internal:21.21.13.7633, unified:376.33)
[2017.01.26-01.10.34:259][  0]LogD3D11RHI:      Driver Date: 12-11-2016
[2017.01.26-01.10.34:259][  0]LogRHI: Texture pool is 1361 MB (70% of 1945 MB)
[2017.01.26-01.10.34:266][  0]LogD3D11RHI: Async texture creation enabled
[2017.01.26-01.10.34:280][  0]LogD3D11RHI: GPU Timing Frequency: 1000.000000 (Debug: 2 2)
[2017.01.26-01.10.34:280][  0]LogShaderCompilers: Guid format shader working directory is -20 characters bigger than the processId version (../../../../../../Users/USER/Documents/Unreal Projects/OooSsChung/Intermediate/Shaders/WorkingDirectory/2756/).
[2017.01.26-01.10.34:280][  0]LogShaderCompilers: Cleaned the shader compiler working directory 'C:/Users/USER/AppData/Local/Temp/UnrealShaderWorkingDir/F5BF7E9C4AD7456006E82192AAF6213C/'.
[2017.01.26-01.10.34:280][  0]LogShaderCompilers:Display: Using Local Shader Compiler.
[2017.01.26-01.10.35:123][  0]LogTemp:Display: Loaded TP AllDesktopTargetPlatform
[2017.01.26-01.10.35:163][  0]LogTemp:Display: Loaded TP MacClientTargetPlatform
[2017.01.26-01.10.35:201][  0]LogTemp:Display: Loaded TP MacNoEditorTargetPlatform
[2017.01.26-01.10.35:239][  0]LogTemp:Display: Loaded TP MacServerTargetPlatform
[2017.01.26-01.10.35:274][  0]LogTemp:Display: Loaded TP MacTargetPlatform
[2017.01.26-01.10.35:309][  0]LogTemp:Display: Loaded TP WindowsClientTargetPlatform
[2017.01.26-01.10.35:346][  0]LogTemp:Display: Loaded TP WindowsNoEditorTargetPlatform
[2017.01.26-01.10.35:384][  0]LogTemp:Display: Loaded TP WindowsServerTargetPlatform
[2017.01.26-01.10.35:413][  0]LogTemp:Display: Loaded TP WindowsTargetPlatform
[2017.01.26-01.10.35:449][  0]LogTemp:Display: Loaded TP AndroidTargetPlatform
[2017.01.26-01.10.35:484][  0]LogTemp:Display: Loaded TP Android_ASTCTargetPlatform
[2017.01.26-01.10.35:519][  0]LogTemp:Display: Loaded TP Android_ATCTargetPlatform
[2017.01.26-01.10.35:555][  0]LogTemp:Display: Loaded TP Android_DXTTargetPlatform
[2017.01.26-01.10.35:590][  0]LogTemp:Display: Loaded TP Android_ETC1TargetPlatform
[2017.01.26-01.10.35:626][  0]LogTemp:Display: Loaded TP Android_ETC2TargetPlatform
[2017.01.26-01.10.35:695][  0]LogTemp:Display: Loaded TP Android_MultiTargetPlatform
[2017.01.26-01.10.35:695][  0]LogTemp:Display: Loaded TP Android_PVRTCTargetPlatform
[2017.01.26-01.10.35:718][  0]LogTemp:Display: Loaded TP HTML5TargetPlatform
[2017.01.26-01.10.35:781][  0]LogTemp:Display: Loaded TP IOSTargetPlatform
[2017.01.26-01.10.35:806][  0]LogTemp:Display: Loaded TP TVOSTargetPlatform
[2017.01.26-01.10.35:847][  0]LogTemp:Display: Loaded TP LinuxClientTargetPlatform
[2017.01.26-01.10.35:882][  0]LogTemp:Display: Loaded TP LinuxNoEditorTargetPlatform
[2017.01.26-01.10.35:918][  0]LogTemp:Display: Loaded TP LinuxServerTargetPlatform
[2017.01.26-01.10.35:953][  0]LogTemp:Display: Loaded TP LinuxTargetPlatform
[2017.01.26-01.10.35:953][  0]LogTargetPlatformManager:Display: Building Assets For Windows
[2017.01.26-01.10.36:183][  0]LogDerivedDataCache:Display: Max Cache Size: 512 MB
[2017.01.26-01.10.36:231][  0]LogDerivedDataCache: Loaded boot cache 0.05s 50MB C:/Users/USER/AppData/Local/UnrealEngine/4.14/DerivedDataCache/Boot.ddc.
[2017.01.26-01.10.36:231][  0]LogDerivedDataCache:Display: Loaded Boot cache: C:/Users/USER/AppData/Local/UnrealEngine/4.14/DerivedDataCache/Boot.ddc
[2017.01.26-01.10.36:232][  0]LogDerivedDataCache: FDerivedDataBackendGraph:  Pak pak cache file ../../../../../../Users/USER/Documents/Unreal Projects/OooSsChung/DerivedDataCache/DDC.ddp not found, will not use a pak cache.
[2017.01.26-01.10.36:232][  0]LogDerivedDataCache: Unable to find inner node Pak for hierarchical cache Hierarchy.
[2017.01.26-01.10.36:232][  0]LogDerivedDataCache: FDerivedDataBackendGraph:  CompressedPak pak cache file ../../../../../../Users/USER/Documents/Unreal Projects/OooSsChung/DerivedDataCache/Compressed.ddp not found, will not use a pak cache.
[2017.01.26-01.10.36:232][  0]LogDerivedDataCache: Unable to find inner node CompressedPak for hierarchical cache Hierarchy.
[2017.01.26-01.10.36:245][  0]LogDerivedDataCache:Display: Pak cache opened for reading ../../../Engine/DerivedDataCache/Compressed.ddp.
[2017.01.26-01.10.36:256][  0]LogDerivedDataCache: Using Local data cache path C:/Users/USER/AppData/Local/UnrealEngine/Common/DerivedDataCache: Writable
[2017.01.26-01.10.36:406][  0]LogInit: Selected Device Profile: [Windows]
[2017.01.26-01.10.36:409][  0]LogContentStreaming: Texture pool size is 0.00 MB
[2017.01.26-01.10.36:551][  0]LogMeshUtilities: Using QuadricMeshReduction for automatic static mesh reduction
[2017.01.26-01.10.36:575][  0]LogSimplygon: Simplygon DLL not present - disabling.
[2017.01.26-01.10.36:599][  0]LogMeshUtilities: Using SimplygonSwarm for distributed automatic mesh merging
[2017.01.26-01.10.36:599][  0]LogMeshUtilities: No automatic skeletal mesh reduction module available
[2017.01.26-01.10.36:599][  0]LogMeshUtilities: No automatic mesh merging module available
[2017.01.26-01.10.36:995][  0]LogNetVersion: GetLocalNetworkVersion: CL: 3195953, ProjectName: ooosschung, ProjectVersion: , EngineNetworkVersion: 2, GameNetworkVersion: 0, NetworkChecksum: 3366623189
[2017.01.26-01.10.37:039][  0]LogAssetRegistry: FAssetRegistry took 0.0201 seconds to start up
[2017.01.26-01.10.37:066][  0]LogPackageLocalizationCache: Processed 3 localized package path(s) for 2 prioritized culture(s) in 0.014452 seconds
[2017.01.26-01.10.37:070][  0]LogUObjectArray: 31946 objects as part of root set at end of initial load.
[2017.01.26-01.10.37:070][  0]LogUObjectAllocator: 6935840 out of 0 bytes used by permanent object pool.
[2017.01.26-01.10.37:070][  0]LogUObjectArray: CloseDisregardForGC: 0/0 objects in disregard for GC pool
[2017.01.26-01.10.37:105][  0]LogInit: WinSock: version 1.1 (2.2), MaxSocks=32767, MaxUdp=65467
[2017.01.26-01.10.37:532][  0]LogSlate: Using Freetype 2.6.0
[2017.01.26-01.10.37:532][  0]LogSlate: SlateFontCache - WITH_FREETYPE: 1, WITH_HARFBUZZ: 1
[2017.01.26-01.10.37:532][  0]LogSlate: SlateFontCache - WITH_FREETYPE: 1, WITH_HARFBUZZ: 1
[2017.01.26-01.10.38:056][  0]LogTcpMessaging: Initializing TcpMessaging bridge
[2017.01.26-01.10.38:082][  0]LogUdpMessaging: Initializing bridge on interface 0.0.0.0:0 to multicast group 230.0.0.1:6666.
[2017.01.26-01.10.38:310][  0]LogMaterial: Uniform references updated for custom material expression Custom.
[2017.01.26-01.10.38:550][  0]SourceControl: 정보 소스 콘트롤이 꺼졌습니다.
[2017.01.26-01.10.38:551][  0]SourceControl: 정보 소스 콘트롤이 꺼졌습니다.
[2017.01.26-01.10.38:576][  0]SourceControl: 정보 소스 콘트롤이 꺼졌습니다.
[2017.01.26-01.10.38:600][  0]SourceControl: 정보 소스 콘트롤이 꺼졌습니다.
[2017.01.26-01.10.39:294][  0]LogEngine: Initializing Engine...
[2017.01.26-01.10.39:294][  0]LogHMD: Failed to initialize OpenVR with code 110
[2017.01.26-01.10.39:467][  0]LogAIModule: Creating AISystem for world Untitled
[2017.01.26-01.10.39:474][  0]LogInit: XAudio2 using 'Realtek Digital Output(Realtek High Definition Audio)' : 2 channels at 48 kHz using 16 bits per sample (channel mask 0x3)
[2017.01.26-01.10.39:480][  0]LogInit: FAudioDevice initialized.
[2017.01.26-01.10.39:505][  0]LogDerivedDataCache: Saved boot cache 0.03s 50MB C:/Users/USER/AppData/Local/UnrealEngine/4.14/DerivedDataCache/Boot.ddc.
[2017.01.26-01.10.39:510][  0]LogInit: Texture streaming: Enabled
[2017.01.26-01.10.39:613][  0]LogInit: Transaction tracking system initialized
[2017.01.26-01.10.39:806][  0]BlueprintLog: New page: 에디터 로드
[2017.01.26-01.10.40:293][  0]LocalizationService: 정보 현지화 서비스가 비활성화되었습니다.
[2017.01.26-01.10.40:659][  0]LogConsoleResponse:Display: 
[2017.01.26-01.10.40:763][  0]LogCook:Display: Max memory allowance for cook 16384mb min free memory 0mb
[2017.01.26-01.10.40:763][  0]LogCook:Display: Mobile HDR setting 1
[2017.01.26-01.10.41:059][  0]LogFileCache: Scanning file cache for directory 'C:/Users/USER/Documents/Unreal Projects/OooSsChung/Content/' took 0.01s
[2017.01.26-01.10.41:285][  0]SourceControl: 정보 소스 콘트롤이 꺼졌습니다.
[2017.01.26-01.10.41:285][  0]Cmd: MAP LOAD FILE="../../../../../../Users/USER/Documents/Unreal Projects/OooSsChung/Content/FlyingBP/Maps/FlyingExampleMap.umap" TEMPLATE=0 SHOWPROGRESS=1 FEATURELEVEL=3
[2017.01.26-01.10.41:285][  0]LightingResults: New page: 라이팅 빌드
[2017.01.26-01.10.41:309][  0]MapCheck: New page: 맵 체크
[2017.01.26-01.10.41:309][  0]LightingResults: New page: 라이팅 빌드
[2017.01.26-01.10.41:589][  0]LogAIModule: Creating AISystem for world FlyingExampleMap
[2017.01.26-01.10.41:599][  0]LogEditorServer: Finished looking for orphan Actors (0.000 secs)
[2017.01.26-01.10.41:599][  0]Cmd: MAP CHECKDEP NOCLEARLOG
[2017.01.26-01.10.41:619][  0]MapCheck: 정보 맵 체크 완료: 오류 0 회, 경고 0 회, 소요 시간 20.089ms.
[2017.01.26-01.10.41:620][  0]LogFileHelpers: Loading map 'FlyingExampleMap' took 0.335
[2017.01.26-01.10.41:766][  0]LogCollectionManager: Loaded 0 collections in 0.001540 seconds
[2017.01.26-01.10.41:821][  0]LogFileCache: Scanning file cache for directory 'C:/Users/USER/Documents/Unreal Projects/OooSsChung/Saved/Collections/' took 0.01s
[2017.01.26-01.10.41:821][  0]LogFileCache: Scanning file cache for directory 'C:/Users/USER/Documents/Unreal Projects/OooSsChung/Content/Developers/USER/Collections/' took 0.01s
[2017.01.26-01.10.41:821][  0]LogFileCache: Scanning file cache for directory 'C:/Users/USER/Documents/Unreal Projects/OooSsChung/Content/Collections/' took 0.01s
[2017.01.26-01.10.41:821][  0]LogCollectionManager: Rebuilt the GUID cache for 0 collections in 0.000002 seconds
[2017.01.26-01.10.41:828][  0]LogContentBrowser: Native class hierarchy populated in 0.0071 seconds. Added 2190 classes and 428 folders.
[2017.01.26-01.10.41:852][  0]LogStats: UGameplayTagsManager::ConstructGameplayTagTree: Construct from data asset -  0.000 s
[2017.01.26-01.10.41:852][  0]LogStats: UGameplayTagsManager::ConstructGameplayTagTree: GameplayTagTreeChangedEvent.Broadcast -  0.000 s
[2017.01.26-01.10.41:852][  0]LogContentBrowser: Native class hierarchy updated for 'GameplayTags' in 0.0004 seconds. Added 13 classes and 0 folders.
[2017.01.26-01.10.41:886][  0]LogContentBrowser: Native class hierarchy updated for 'WidgetCarousel' in 0.0003 seconds. Added 0 classes and 0 folders.
[2017.01.26-01.10.41:908][  0]LogContentBrowser: Native class hierarchy updated for 'AddContentDialog' in 0.0003 seconds. Added 0 classes and 0 folders.
[2017.01.26-01.10.41:933][  0]LogContentBrowser: Native class hierarchy updated for 'SceneOutliner' in 0.0004 seconds. Added 1 classes and 2 folders.
[2017.01.26-01.10.41:958][  0]LogCrashTracker: Crashtracker disabled due to settings.
[2017.01.26-01.10.41:962][  0]LogUObjectGlobals:Warning: 'Class 없음.' 오브젝트를 찾는 데 실패했습니다.
[2017.01.26-01.10.42:009][  0]LogContentBrowser: Native class hierarchy updated for 'HierarchicalLODOutliner' in 0.0004 seconds. Added 1 classes and 2 folders.
[2017.01.26-01.10.42:009][  0]LogLoad: (Engine Initialization) Total time: 9.11 seconds
[2017.01.26-01.10.42:009][  0]LogLoad: (Engine Initialization) Total Blueprint compile time: 0.08 seconds
[2017.01.26-01.10.42:009][  0]LogExternalProfiler: No external profilers were discovered.  External profiling features will not be available.
[2017.01.26-01.10.42:024][  0]LogOcInput: OculusInput pre-init called
[2017.01.26-01.10.42:038][  0]LogAssetRegistry: Asset discovery search completed in 5.0190 seconds
[2017.01.26-01.10.42:038][  0]LogCollectionManager: Rebuilt the object cache for 0 collections in 0.000001 seconds (found 0 objects)
[2017.01.26-01.10.42:038][  0]LogCollectionManager: Fixed up redirectors for 0 collections in 0.000011 seconds (updated 0 objects)
[2017.01.26-01.10.42:041][  0]LogContentStreaming: Texture pool size now 1000 MB
[2017.01.26-01.10.42:177][  0]LogRenderer: Reallocating scene render targets to support 1148x576 NumSamples 1 (Frame:2).
[2017.01.26-01.14.10:232][626]Cmd: OBJ SAVEPACKAGE PACKAGE="/Game/Level/Level1" FILE="../../../../../../Users/USER/Documents/Unreal Projects/OooSsChung/Content/Level/Level1.umap" SILENT=true AUTOSAVING=false KEEPDIRTY=false
[2017.01.26-01.14.10:245][626]LogSavePackage: Save=5.82ms
[2017.01.26-01.14.10:245][626]LogSavePackage: Moving '../../../../../../Users/USER/Documents/Unreal Projects/OooSsChung/Saved/Level16060D7ED4A4B75ABF6EDF3AC80C68503.tmp' to '../../../../../../Users/USER/Documents/Unreal Projects/OooSsChung/Content/Level/Level1.umap'
[2017.01.26-01.14.10:246][626]LogSavePackage:Display: Finished SavePackage ../../../../../../Users/USER/Documents/Unreal Projects/OooSsChung/Content/Level/Level1.umap
[2017.01.26-01.14.10:247][626]LogFileHelpers: Saving map 'Level1' took 0.037
[2017.01.26-01.14.18:279][774]Cmd: OBJ SAVEPACKAGE PACKAGE="/Game/Level/Levels" FILE="../../../../../../Users/USER/Documents/Unreal Projects/OooSsChung/Content/Level/Levels.uasset" SILENT=true
[2017.01.26-01.14.18:282][774]LogSavePackage: Save=1.78ms
[2017.01.26-01.14.18:282][774]LogSavePackage: Moving '../../../../../../Users/USER/Documents/Unreal Projects/OooSsChung/Saved/Levels93E424744CC0C2023AEF87BFD58390BD.tmp' to '../../../../../../Users/USER/Documents/Unreal Projects/OooSsChung/Content/Level/Levels.uasset'
[2017.01.26-01.14.18:284][774]LogSavePackage:Display: Finished SavePackage ../../../../../../Users/USER/Documents/Unreal Projects/OooSsChung/Content/Level/Levels.uasset
[2017.01.26-01.14.18:288][774]Cmd: MAP LOAD FILE="../../../../../../Users/USER/Documents/Unreal Projects/OooSsChung/Content/Level/Level1.umap" TEMPLATE=0 SHOWPROGRESS=1 FEATURELEVEL=3
[2017.01.26-01.14.18:288][774]LightingResults: New page: 라이팅 빌드
[2017.01.26-01.14.18:290][774]LoadErrors: New page: 맵 로드중: Level1.umap
[2017.01.26-01.14.18:294][774]MapCheck: New page: 맵 체크
[2017.01.26-01.14.18:294][774]LightingResults: New page: 라이팅 빌드
[2017.01.26-01.14.18:324][774]LogEditorServer: Finished looking for orphan Actors (0.000 secs)
[2017.01.26-01.14.18:324][774]LogAIModule: Creating AISystem for world Level1
[2017.01.26-01.14.18:398][774]Cmd: MAP CHECKDEP NOCLEARLOG
[2017.01.26-01.14.18:441][774]MapCheck: 정보 맵 체크 완료: 오류 0 회, 경고 0 회, 소요 시간 43.079ms.
[2017.01.26-01.14.18:441][774]LogFileHelpers: Loading map 'Level1' took 0.155
[2017.01.26-01.14.23:292][349]LogEditorViewport: Clicking Background
[2017.01.26-01.14.47:443][232]LogAIModule: Creating AISystem for world FlyingExampleMap
[2017.01.26-01.14.47:473][232]Cmd: MAP LOAD FILE="../../../../../../Users/USER/Documents/Unreal Projects/OooSsChung/Content/FlyingBP/Maps/FlyingExampleMap.umap" TEMPLATE=0 SHOWPROGRESS=1 FEATURELEVEL=3
[2017.01.26-01.14.47:473][232]LightingResults: New page: 라이팅 빌드
[2017.01.26-01.14.47:473][232]LoadErrors: New page: 맵 로드중: FlyingExampleMap.umap
[2017.01.26-01.14.47:474][232]MapCheck: New page: 맵 체크
[2017.01.26-01.14.47:474][232]LightingResults: New page: 라이팅 빌드
[2017.01.26-01.14.47:489][232]LogEditorServer: Finished looking for orphan Actors (0.000 secs)
[2017.01.26-01.14.47:552][232]Cmd: MAP CHECKDEP NOCLEARLOG
[2017.01.26-01.14.47:573][232]MapCheck: 정보 맵 체크 완료: 오류 0 회, 경고 0 회, 소요 시간 20.804ms.
[2017.01.26-01.14.47:573][232]LogFileHelpers: Loading map 'FlyingExampleMap' took 0.101
[2017.01.26-01.15.07:100][564]LogEditorActor: Deleted Actor: AtmosphericFog
[2017.01.26-01.15.07:117][564]LogEditorActor: Deleted 1 Actors (0.019 secs)
[2017.01.26-01.15.09:272][821]Cmd: TRANSACTION UNDO
[2017.01.26-01.15.09:272][821]LogEditorTransaction: Undo 선택 삭제
[2017.01.26-01.15.10:609][958]Cmd: DELETE
[2017.01.26-01.15.10:609][958]Cmd: ACTOR DELETE
[2017.01.26-01.15.10:614][958]LogEditorActor: Deleted Actor: AtmosphericFog
[2017.01.26-01.15.10:623][958]LogEditorActor: Deleted 1 Actors (0.009 secs)
[2017.01.26-01.15.15:741][570]Cmd: DELETE
[2017.01.26-01.15.15:741][570]Cmd: ACTOR DELETE
[2017.01.26-01.15.15:741][570]LogEditorActor: Deleted Actor: LightmassImportanceVolume
[2017.01.26-01.15.15:748][570]LogEditorActor: Deleted 1 Actors (0.007 secs)
[2017.01.26-01.15.17:737][809]Cmd: TRANSACTION UNDO
[2017.01.26-01.15.17:737][809]LogEditorTransaction: Undo 액터 삭제
[2017.01.26-01.15.19:584][  9]Cmd: TRANSACTION UNDO
[2017.01.26-01.15.19:584][  9]LogEditorTransaction: Undo 액터 클릭
[2017.01.26-01.15.23:327][457]Cmd: TRANSACTION UNDO
[2017.01.26-01.15.23:327][457]LogEditorTransaction: Undo 액터 삭제
[2017.01.26-01.15.28:104][  7]LogEditorActor: Deleted Actor: PlayerStart
[2017.01.26-01.15.28:111][  7]LogEditorActor: Deleted 1 Actors (0.007 secs)
[2017.01.26-01.15.31:578][414]LogEditorViewport: Clicking on Actor (LMB): LightmassImportanceVolume (LightmassImportanceVolume)
[2017.01.26-01.15.39:045][296]LogEditorActor: Deleted Actor: BP_Sky_Sphere_C
[2017.01.26-01.15.39:052][296]LogEditorActor: Deleted 1 Actors (0.007 secs)
[2017.01.26-01.15.41:335][570]Cmd: TRANSACTION UNDO
[2017.01.26-01.15.41:335][570]LogEditorTransaction: Undo 선택 삭제
[2017.01.26-01.15.47:903][336]LogEditorViewport: Clicking Background
[2017.01.26-01.15.49:146][438]LogContentBrowser: Native class hierarchy updated for 'BlueprintGraph' in 0.0007 seconds. Added 111 classes and 0 folders.
[2017.01.26-01.15.53:230][782]LogRenderer: Reallocating scene render targets to support 1148x900 NumSamples 1 (Frame:17877).
[2017.01.26-01.24.48:102][749]LogSavePackage: Save=132.33ms
[2017.01.26-01.24.48:102][749]LogSavePackage: Moving '../../../../../../Users/USER/Documents/Unreal Projects/OooSsChung/Saved/FlyingExampleMap_Auto13B9BF5F34B118233EEA595A46A29176D.tmp' to '../../../../../../Users/USER/Documents/Unreal Projects/OooSsChung/Saved/Autosaves/Game/FlyingBP/Maps/FlyingExampleMap_Auto1.umap'
[2017.01.26-01.24.48:103][749]LogSavePackage:Display: Finished SavePackage ../../../../../../Users/USER/Documents/Unreal Projects/OooSsChung/Saved/Autosaves/Game/FlyingBP/Maps/FlyingExampleMap_Auto1.umap
[2017.01.26-01.24.48:104][749]LogFileHelpers: Editor autosave (incl. sublevels) for '/Game/FlyingBP/Maps/FlyingExampleMap' took 0.169
[2017.01.26-01.24.48:104][749]LogFileHelpers: Editor autosave (incl. sublevels) for all levels took 0.169
[2017.01.26-01.32.47:549][644]Cmd: QUIT_EDITOR
[2017.01.26-01.32.47:594][644]LogExit: Preparing to exit.
[2017.01.26-01.32.48:200][644]LogDirectoryWatcher: A directory notification for 'C:/Users/USER/Documents/Unreal Projects/OooSsChung/Content/' was aborted.
[2017.01.26-01.32.48:232][644]LogExit: Editor shut down
[2017.01.26-01.32.48:232][644]LogExit: Transaction tracking system shut down
[2017.01.26-01.32.48:303][644]LogObj: Freed 0b from 0 cluster array pools.
[2017.01.26-01.32.48:303][644]LogExit: Object subsystem successfully closed.
[2017.01.26-01.32.48:317][644]LogD3D11RHI: Shutdown
[2017.01.26-01.32.48:317][644]LogD3D11RHI: CleanupD3DDevice
[2017.01.26-01.32.48:386][644]LogD3D11RHI: ~FD3D11DynamicRHI
[2017.01.26-01.32.48:394][644]LogHttp:Display: Http module shutting down, but needs to wait on 1 outstanding Http requests:
[2017.01.26-01.32.48:394][644]LogHttp:Display: 	verb=[POST] url=[https://datarouter.ol.epicgames.com/datarouter/api/v1/public/data?SessionID=%7B9765A863-4532-5654-5F50-499F829A13FF%7D&AppID=UEEditor.Rocket.Release&AppVersion=4.14.3-3249277%2B%2B%2BUE4%2BRelease-4.14&UserID=e620d31b4f51d807062e48b0ac958755%7Ce4e88b274b70494c9eecaf7584eac305%7C0fc3285a-5b9d-47ee-9e78-e8d8aa9199fc&AppEnvironment=datacollector-binary&UploadType=eteventstream] status=Processing
[2017.01.26-01.32.48:395][644]LogModuleManager: Shutting down and abandoning module BlueprintGraph (243)
[2017.01.26-01.32.48:395][644]LogModuleManager: Shutting down and abandoning module BlueprintProfiler (242)
[2017.01.26-01.32.48:396][644]LogModuleManager: Shutting down and abandoning module HierarchicalLODOutliner (241)
[2017.01.26-01.32.48:396][644]LogModuleManager: Shutting down and abandoning module CrashTracker (240)
[2017.01.26-01.32.48:396][644]LogModuleManager: Shutting down and abandoning module SceneOutliner (239)
[2017.01.26-01.32.48:396][644]LogModuleManager: Shutting down and abandoning module WidgetCarousel (238)
[2017.01.26-01.32.48:396][644]LogModuleManager: Shutting down and abandoning module AddContentDialog (237)
[2017.01.26-01.32.48:396][644]LogDirectoryWatcher: A directory notification for 'C:/Program Files (x86)/Epic Games/4.14/FeaturePacks/' was aborted.
[2017.01.26-01.32.48:397][644]LogModuleManager: Shutting down and abandoning module GameplayTags (236)
[2017.01.26-01.32.48:397][644]LogModuleManager: Shutting down and abandoning module EditorWidgets (235)
[2017.01.26-01.32.48:397][644]LogModuleManager: Shutting down and abandoning module CollectionManager (234)
[2017.01.26-01.32.48:397][644]LogDirectoryWatcher: A directory notification for 'C:/Users/USER/Documents/Unreal Projects/OooSsChung/Content/Collections/' was aborted.
[2017.01.26-01.32.48:397][644]LogDirectoryWatcher: A directory notification for 'C:/Users/USER/Documents/Unreal Projects/OooSsChung/Content/Developers/USER/Collections/' was aborted.
[2017.01.26-01.32.48:397][644]LogDirectoryWatcher: A directory notification for 'C:/Users/USER/Documents/Unreal Projects/OooSsChung/Saved/Collections/' was aborted.
[2017.01.26-01.32.48:397][644]LogModuleManager: Shutting down and abandoning module StatsViewer (233)
[2017.01.26-01.32.48:397][644]LogModuleManager: Shutting down and abandoning module FoliageEdit (232)
[2017.01.26-01.32.48:397][644]LogModuleManager: Shutting down and abandoning module LandscapeEditor (231)
[2017.01.26-01.32.48:397][644]LogModuleManager: Shutting down and abandoning module SceneDepthPickerMode (230)
[2017.01.26-01.32.48:397][644]LogModuleManager: Shutting down and abandoning module ActorPickerMode (229)
[2017.01.26-01.32.48:397][644]LogModuleManager: Shutting down and abandoning module GeometryMode (228)
[2017.01.26-01.32.48:397][644]LogModuleManager: Shutting down and abandoning module TextureAlignMode (227)
[2017.01.26-01.32.48:397][644]LogModuleManager: Shutting down and abandoning module BspMode (226)
[2017.01.26-01.32.48:397][644]LogModuleManager: Shutting down and abandoning module HardwareSurvey (225)
[2017.01.26-01.32.48:397][644]LogModuleManager: Shutting down and abandoning module SequenceRecorderSections (224)
[2017.01.26-01.32.48:397][644]LogModuleManager: Shutting down and abandoning module AutomationWorker (223)
[2017.01.26-01.32.48:397][644]LogModuleManager: Shutting down and abandoning module MatineeToLevelSequence (222)
[2017.01.26-01.32.48:397][644]LogModuleManager: Shutting down and abandoning module PlacementMode (221)
[2017.01.26-01.32.48:397][644]LogModuleManager: Shutting down and abandoning module LevelSequenceEditor (220)
[2017.01.26-01.32.48:397][644]LogModuleManager: Shutting down and abandoning module WmfMediaFactory (219)
[2017.01.26-01.32.48:397][644]LogModuleManager: Shutting down and abandoning module WmfMediaEditor (218)
[2017.01.26-01.32.48:397][644]LogModuleManager: Shutting down and abandoning module AvfMediaFactory (217)
[2017.01.26-01.32.48:397][644]LogModuleManager: Shutting down and abandoning module AvfMediaEditor (216)
[2017.01.26-01.32.48:397][644]LogModuleManager: Shutting down and abandoning module Media (215)
[2017.01.26-01.32.48:397][644]LogModuleManager: Shutting down and abandoning module AndroidMediaFactory (214)
[2017.01.26-01.32.48:397][644]LogModuleManager: Shutting down and abandoning module AndroidMediaEditor (213)
[2017.01.26-01.32.48:397][644]LogModuleManager: Shutting down and abandoning module CharacterAI (212)
[2017.01.26-01.32.48:397][644]LogModuleManager: Shutting down and abandoning module SequenceRecorder (211)
[2017.01.26-01.32.48:397][644]LogModuleManager: Shutting down and abandoning module AudioCapture (210)
[2017.01.26-01.32.48:397][644]LogModuleManager: Shutting down and abandoning module SmartSnapping (209)
[2017.01.26-01.32.48:397][644]LogModuleManager: Shutting down and abandoning module SessionServices (208)
[2017.01.26-01.32.48:397][644]LogModuleManager: Shutting down and abandoning module ViewportSnapping (207)
[2017.01.26-01.32.48:397][644]LogModuleManager: Shutting down and abandoning module ViewportInteraction (206)
[2017.01.26-01.32.48:397][644]LogModuleManager: Shutting down and abandoning module LogVisualizer (205)
[2017.01.26-01.32.48:397][644]LogModuleManager: Shutting down and abandoning module GameProjectGeneration (204)
[2017.01.26-01.32.48:397][644]LogModuleManager: Shutting down and abandoning module IntroTutorials (203)
[2017.01.26-01.32.48:397][644]LogModuleManager: Shutting down and abandoning module EditorLiveStreaming (202)
[2017.01.26-01.32.48:397][644]LogModuleManager: Shutting down and abandoning module IOSPlatformEditor (201)
[2017.01.26-01.32.48:397][644]LogModuleManager: Shutting down and abandoning module HTML5PlatformEditor (200)
[2017.01.26-01.32.48:397][644]LogModuleManager: Shutting down and abandoning module AndroidDeviceDetection (199)
[2017.01.26-01.32.48:486][644]LogModuleManager: Shutting down and abandoning module AndroidPlatformEditor (198)
[2017.01.26-01.32.48:486][644]LogModuleManager: Shutting down and abandoning module IOSRuntimeSettings (197)
[2017.01.26-01.32.48:487][644]LogModuleManager: Shutting down and abandoning module AndroidRuntimeSettings (196)
[2017.01.26-01.32.48:487][644]LogModuleManager: Shutting down and abandoning module InputBindingEditor (195)
[2017.01.26-01.32.48:487][644]LogModuleManager: Shutting down and abandoning module NiagaraEditor (194)
[2017.01.26-01.32.48:487][644]LogModuleManager: Shutting down and abandoning module MergeActors (193)
[2017.01.26-01.32.48:487][644]LogModuleManager: Shutting down and abandoning module SizeMap (192)
[2017.01.26-01.32.48:487][644]LogModuleManager: Shutting down and abandoning module TreeMap (191)
[2017.01.26-01.32.48:487][644]LogModuleManager: Shutting down and abandoning module ReferenceViewer (190)
[2017.01.26-01.32.48:487][644]LogModuleManager: Shutting down and abandoning module LocalizationService (189)
[2017.01.26-01.32.48:487][644]LogModuleManager: Shutting down and abandoning module LocalizationDashboard (188)
[2017.01.26-01.32.48:487][644]LogModuleManager: Shutting down and abandoning module HardwareTargeting (187)
[2017.01.26-01.32.48:487][644]LogModuleManager: Shutting down and abandoning module DeviceProfileEditor (186)
[2017.01.26-01.32.48:487][644]LogModuleManager: Shutting down and abandoning module UndoHistory (185)
[2017.01.26-01.32.48:487][644]LogModuleManager: Shutting down and abandoning module UserFeedback (184)
[2017.01.26-01.32.48:487][644]LogModuleManager: Shutting down and abandoning module XmlParser (183)
[2017.01.26-01.32.48:487][644]LogModuleManager: Shutting down and abandoning module Blutility (182)
[2017.01.26-01.32.48:487][644]LogModuleManager: Shutting down and abandoning module ProjectTargetPlatformEditor (181)
[2017.01.26-01.32.48:488][644]LogModuleManager: Shutting down and abandoning module ProjectSettingsViewer (180)
[2017.01.26-01.32.48:488][644]LogModuleManager: Shutting down and abandoning module EditorSettingsViewer (179)
[2017.01.26-01.32.48:488][644]LogModuleManager: Shutting down and abandoning module SettingsEditor (178)
[2017.01.26-01.32.48:488][644]LogModuleManager: Shutting down and abandoning module ProjectLauncher (177)
[2017.01.26-01.32.48:488][644]LogModuleManager: Shutting down and abandoning module SessionFrontend (176)
[2017.01.26-01.32.48:488][644]LogModuleManager: Shutting down and abandoning module ProfilerClient (175)
[2017.01.26-01.32.48:488][644]LogModuleManager: Shutting down and abandoning module TargetDeviceServices (174)
[2017.01.26-01.32.48:488][644]LogModuleManager: Shutting down and abandoning module DeviceManager (173)
[2017.01.26-01.32.48:528][644]LogModuleManager: Shutting down and abandoning module AutomationController (172)
[2017.01.26-01.32.48:528][644]LogModuleManager: Shutting down and abandoning module AutomationWindow (171)
[2017.01.26-01.32.48:528][644]LogModuleManager: Shutting down and abandoning module Layers (170)
[2017.01.26-01.32.48:528][644]LogModuleManager: Shutting down and abandoning module ComponentVisualizers (169)
[2017.01.26-01.32.48:528][644]LogModuleManager: Shutting down and abandoning module DetailCustomizations (168)
[2017.01.26-01.32.48:528][644]LogModuleManager: Shutting down and abandoning module PackagesDialog (167)
[2017.01.26-01.32.48:529][644]LogModuleManager: Shutting down and abandoning module AnimGraph (166)
[2017.01.26-01.32.48:529][644]LogModuleManager: Shutting down and abandoning module Persona (165)
[2017.01.26-01.32.48:529][644]LogModuleManager: Shutting down and abandoning module Kismet (164)
[2017.01.26-01.32.48:546][644]LogModuleManager: Shutting down and abandoning module GraphEditor (163)
[2017.01.26-01.32.48:546][644]LogModuleManager: Shutting down and abandoning module ClassViewer (162)
[2017.01.26-01.32.48:546][644]LogModuleManager: Shutting down and abandoning module Toolbox (161)
[2017.01.26-01.32.48:546][644]LogModuleManager: Shutting down and abandoning module ModuleUI (160)
[2017.01.26-01.32.48:546][644]LogModuleManager: Shutting down and abandoning module MovieSceneTools (159)
[2017.01.26-01.32.48:546][644]LogModuleManager: Shutting down and abandoning module OutputLog (158)
[2017.01.26-01.32.48:546][644]LogModuleManager: Shutting down and abandoning module GammaUI (157)
[2017.01.26-01.32.48:546][644]LogModuleManager: Shutting down and abandoning module Documentation (156)
[2017.01.26-01.32.48:546][644]LogModuleManager: Shutting down and abandoning module Niagara (155)
[2017.01.26-01.32.48:546][644]LogModuleManager: Shutting down and abandoning module StreamingPauseRendering (154)
[2017.01.26-01.32.48:546][644]LogModuleManager: Shutting down and abandoning module AnalyticsET (153)
[2017.01.26-01.32.48:546][644]LogModuleManager: Shutting down and abandoning module PortalServices (152)
[2017.01.26-01.32.48:547][644]LogModuleManager: Shutting down and abandoning module PortalRpc (151)
[2017.01.26-01.32.48:547][644]LogModuleManager: Shutting down and abandoning module MessagingRpc (150)
[2017.01.26-01.32.48:547][644]LogModuleManager: Shutting down and abandoning module GameplayDebugger (149)
[2017.01.26-01.32.48:547][644]LogModuleManager: Shutting down and abandoning module AITestSuite (148)
[2017.01.26-01.32.48:547][644]LogModuleManager: Shutting down and abandoning module AIModule (147)
[2017.01.26-01.32.48:547][644]LogModuleManager: Shutting down and abandoning module ProfilerService (146)
[2017.01.26-01.32.48:791][644]LogModuleManager: Shutting down and abandoning module TaskGraph (145)
[2017.01.26-01.32.48:791][644]LogModuleManager: Shutting down and abandoning module SlateRemote (144)
[2017.01.26-01.32.48:791][644]LogModuleManager: Shutting down and abandoning module SteamVRController (143)
[2017.01.26-01.32.48:791][644]LogModuleManager: Shutting down and abandoning module SteamVR (142)
[2017.01.26-01.32.48:791][644]LogModuleManager: Shutting down and abandoning module ProceduralMeshComponentEditor (141)
[2017.01.26-01.32.48:791][644]LogModuleManager: Shutting down and abandoning module ProceduralMeshComponent (140)
[2017.01.26-01.32.48:791][644]LogModuleManager: Shutting down and abandoning module OculusLibrary (139)
[2017.01.26-01.32.48:791][644]LogModuleManager: Shutting down and abandoning module OculusInput (138)
[2017.01.26-01.32.48:791][644]LogModuleManager: Shutting down and abandoning module MobilePatchingUtils (137)
[2017.01.26-01.32.48:791][644]LogModuleManager: Shutting down and abandoning module CustomMeshComponent (136)
[2017.01.26-01.32.48:791][644]LogModuleManager: Shutting down and abandoning module CableComponent (135)
[2017.01.26-01.32.48:791][644]LogModuleManager: Shutting down and abandoning module ArchVisCharacter (134)
[2017.01.26-01.32.48:791][644]LogModuleManager: Shutting down and abandoning module MediaPlayerEditor (132)
[2017.01.26-01.32.48:791][644]LogModuleManager: Shutting down and abandoning module HTML5Networking (131)
[2017.01.26-01.32.48:791][644]LogModuleManager: Shutting down and abandoning module GeometryCacheEd (130)
[2017.01.26-01.32.48:791][644]LogModuleManager: Shutting down and abandoning module GeometryCache (129)
[2017.01.26-01.32.48:791][644]LogModuleManager: Shutting down and abandoning module AlembicLibrary (128)
[2017.01.26-01.32.48:791][644]LogModuleManager: Shutting down and abandoning module AlembicImporter (127)
[2017.01.26-01.32.48:791][644]LogModuleManager: Shutting down and abandoning module SuperSearch (126)
[2017.01.26-01.32.48:791][644]LogModuleManager: Shutting down and abandoning module SuperSearchEditor (125)
[2017.01.26-01.32.48:791][644]LogModuleManager: Shutting down and abandoning module SpeedTreeImporter (124)
[2017.01.26-01.32.48:791][644]LogModuleManager: Shutting down and abandoning module PluginBrowser (123)
[2017.01.26-01.32.48:791][644]LogModuleManager: Shutting down and abandoning module MobileLauncherProfileWizard (122)
[2017.01.26-01.32.48:792][644]LogModuleManager: Shutting down and abandoning module EpicSurvey (121)
[2017.01.26-01.32.48:792][644]LogModuleManager: Shutting down and abandoning module DesktopPlatform (120)
[2017.01.26-01.32.48:792][644]LogModuleManager: Shutting down and abandoning module VisualStudioSourceCodeAccess (119)
[2017.01.26-01.32.48:792][644]LogModuleManager: Shutting down and abandoning module UObjectPlugin (118)
[2017.01.26-01.32.48:792][644]LogModuleManager: Shutting down and abandoning module SubversionSourceControl (117)
[2017.01.26-01.32.48:792][644]LogModuleManager: Shutting down and abandoning module PerforceSourceControl (116)
[2017.01.26-01.32.48:792][644]LogModuleManager: Shutting down and abandoning module SourceControl (115)
[2017.01.26-01.32.48:792][644]LogModuleManager: Shutting down and abandoning module GitSourceControl (114)
[2017.01.26-01.32.48:792][644]LogModuleManager: Shutting down and abandoning module LightPropagationVolumeEditor (113)
[2017.01.26-01.32.48:792][644]LogModuleManager: Shutting down and abandoning module PaperTiledImporter (112)
[2017.01.26-01.32.48:792][644]LogModuleManager: Shutting down and abandoning module PaperSpriteSheetImporter (111)
[2017.01.26-01.32.48:792][644]LogModuleManager: Shutting down and abandoning module MeshPaint (110)
[2017.01.26-01.32.48:792][644]LogModuleManager: Shutting down and abandoning module PixelInspectorModule (109)
[2017.01.26-01.32.48:792][644]LogModuleManager: Shutting down and abandoning module HotReload (108)
[2017.01.26-01.32.48:793][644]LogModuleManager: Shutting down and abandoning module MainFrame (107)
[2017.01.26-01.32.48:793][644]LogModuleManager: Shutting down and abandoning module LevelEditor (106)
[2017.01.26-01.32.48:796][644]LogModuleManager: Shutting down and abandoning module ContentBrowser (105)
[2017.01.26-01.32.48:798][644]LogModuleManager: Shutting down and abandoning module Paper2DEditor (104)
[2017.01.26-01.32.48:798][644]LogModuleManager: Shutting down and abandoning module UdpMessaging (103)
[2017.01.26-01.32.48:898][644]LogModuleManager: Shutting down and abandoning module TcpMessaging (102)
[2017.01.26-01.32.49:058][644]LogModuleManager: Shutting down and abandoning module LightPropagationVolumeRuntime (101)
[2017.01.26-01.32.49:058][644]LogModuleManager: Shutting down and abandoning module Paper2D (100)
[2017.01.26-01.32.49:058][644]LogModuleManager: Shutting down and abandoning module WindowsMoviePlayer (99)
[2017.01.26-01.32.49:058][644]LogModuleManager: Shutting down and abandoning module WmfMedia (98)
[2017.01.26-01.32.49:059][644]LogModuleManager: Shutting down and abandoning module MediaAssets (97)
[2017.01.26-01.32.49:059][644]LogModuleManager: Shutting down and abandoning module GameLiveStreaming (96)
[2017.01.26-01.32.49:059][644]LogModuleManager: Shutting down and abandoning module GameplayTagsEditor (95)
[2017.01.26-01.32.49:059][644]LogModuleManager: Shutting down and abandoning module VREditor (94)
[2017.01.26-01.32.49:059][644]LogModuleManager: Shutting down and abandoning module GameplayTasksEditor (93)
[2017.01.26-01.32.49:059][644]LogModuleManager: Shutting down and abandoning module BehaviorTreeEditor (92)
[2017.01.26-01.32.49:059][644]LogModuleManager: Shutting down and abandoning module FunctionalTesting (91)
[2017.01.26-01.32.49:059][644]LogModuleManager: Shutting down and abandoning module CollisionAnalyzer (90)
[2017.01.26-01.32.49:059][644]LogModuleManager: Shutting down and abandoning module Sequencer (89)
[2017.01.26-01.32.49:059][644]LogModuleManager: Shutting down and abandoning module WorkspaceMenuStructure (88)
[2017.01.26-01.32.49:059][644]LogModuleManager: Shutting down and abandoning module MessageLog (87)
[2017.01.26-01.32.49:059][644]LogModuleManager: Shutting down and abandoning module AssetTools (86)
[2017.01.26-01.32.49:059][644]LogModuleManager: Shutting down and abandoning module UMGEditor (85)
[2017.01.26-01.32.49:059][644]LogModuleManager: Shutting down and abandoning module UMG (84)
[2017.01.26-01.32.49:059][644]LogModuleManager: Shutting down and abandoning module SlateReflector (83)
[2017.01.26-01.32.49:059][644]LogModuleManager: Shutting down and abandoning module Slate (82)
[2017.01.26-01.32.49:059][644]LogModuleManager: Shutting down and abandoning module EditorStyle (81)
[2017.01.26-01.32.49:063][644]LogModuleManager: Shutting down and abandoning module SourceCodeAccess (80)
[2017.01.26-01.32.49:063][644]LogModuleManager: Shutting down and abandoning module HeadMountedDisplay (79)
[2017.01.26-01.32.49:063][644]LogModuleManager: Shutting down and abandoning module XAudio2 (78)
[2017.01.26-01.32.49:063][644]LogModuleManager: Shutting down and abandoning module Networking (76)
[2017.01.26-01.32.49:063][644]LogModuleManager: Shutting down and abandoning module Core (75)
[2017.01.26-01.32.49:063][644]LogModuleManager: Shutting down and abandoning module DirectoryWatcher (74)
[2017.01.26-01.32.49:063][644]LogDirectoryWatcher: A directory notification for '../../../Engine/Content/' was aborted.
[2017.01.26-01.32.49:063][644]LogDirectoryWatcher: A directory notification for '../../../../../../Users/USER/Documents/Unreal Projects/OooSsChung/Content/' was aborted.
[2017.01.26-01.32.49:063][644]LogDirectoryWatcher: A directory notification for '../../../Engine/Plugins/2D/Paper2D/Content/' was aborted.
[2017.01.26-01.32.49:064][644]LogModuleManager: Shutting down and abandoning module AssetRegistry (73)
[2017.01.26-01.32.49:220][644]LogModuleManager: Shutting down and abandoning module KismetCompiler (72)
[2017.01.26-01.32.49:220][644]LogModuleManager: Shutting down and abandoning module PhysXFormats (71)
[2017.01.26-01.32.49:220][644]LogModuleManager: Shutting down and abandoning module SimplygonSwarm (70)
[2017.01.26-01.32.49:220][644]LogModuleManager: Shutting down and abandoning module SimplygonMeshReduction (69)
[2017.01.26-01.32.49:220][644]LogModuleManager: Shutting down and abandoning module QuadricMeshReduction (68)
[2017.01.26-01.32.49:220][644]LogModuleManager: Shutting down and abandoning module PropertyEditor (67)
[2017.01.26-01.32.49:220][644]LogModuleManager: Shutting down and abandoning module MeshUtilities (66)
[2017.01.26-01.32.49:220][644]LogModuleManager: Shutting down and abandoning module DerivedDataCache (65)
[2017.01.26-01.32.49:269][644]LogDerivedDataCache: Shutdown
[2017.01.26-01.32.49:269][644]LogModuleManager: Shutting down and abandoning module VulkanShaderFormat (64)
[2017.01.26-01.32.49:269][644]LogModuleManager: Shutting down and abandoning module ShaderFormatOpenGL (63)
[2017.01.26-01.32.49:269][644]LogModuleManager: Shutting down and abandoning module ShaderFormatD3D (62)
[2017.01.26-01.32.49:269][644]LogModuleManager: Shutting down and abandoning module MetalShaderFormat (61)
[2017.01.26-01.32.49:269][644]LogModuleManager: Shutting down and abandoning module TextureFormatUncompressed (60)
[2017.01.26-01.32.49:269][644]LogModuleManager: Shutting down and abandoning module TextureFormatPVR (59)
[2017.01.26-01.32.49:269][644]LogModuleManager: Shutting down and abandoning module TextureFormatDXT (58)
[2017.01.26-01.32.49:269][644]LogModuleManager: Shutting down and abandoning module TextureFormatIntelISPCTexComp (57)
[2017.01.26-01.32.49:269][644]LogModuleManager: Shutting down and abandoning module ImageWrapper (56)
[2017.01.26-01.32.49:269][644]LogModuleManager: Shutting down and abandoning module TextureFormatASTC (55)
[2017.01.26-01.32.49:269][644]LogModuleManager: Shutting down and abandoning module TextureFormatAndroid (54)
[2017.01.26-01.32.49:269][644]LogModuleManager: Shutting down and abandoning module AudioFormatOpus (53)
[2017.01.26-01.32.49:269][644]LogModuleManager: Shutting down and abandoning module AudioFormatOgg (52)
[2017.01.26-01.32.49:269][644]LogModuleManager: Shutting down and abandoning module AudioFormatADPCM (51)
[2017.01.26-01.32.49:269][644]LogModuleManager: Shutting down and abandoning module LinuxTargetPlatform (50)
[2017.01.26-01.32.49:269][644]LogModuleManager: Shutting down and abandoning module LinuxServerTargetPlatform (49)
[2017.01.26-01.32.49:269][644]LogModuleManager: Shutting down and abandoning module LinuxNoEditorTargetPlatform (48)
[2017.01.26-01.32.49:269][644]LogModuleManager: Shutting down and abandoning module LinuxClientTargetPlatform (47)
[2017.01.26-01.32.49:269][644]LogModuleManager: Shutting down and abandoning module TVOSTargetPlatform (46)
[2017.01.26-01.32.49:269][644]LogModuleManager: Shutting down and abandoning module Messaging (45)
[2017.01.26-01.32.49:269][644]LogModuleManager: Shutting down and abandoning module IOSTargetPlatform (44)
[2017.01.26-01.32.49:269][644]LogModuleManager: Shutting down and abandoning module HTML5TargetPlatform (43)
[2017.01.26-01.32.49:269][644]LogModuleManager: Shutting down and abandoning module Android_PVRTCTargetPlatform (42)
[2017.01.26-01.32.49:269][644]LogModuleManager: Shutting down and abandoning module Android_MultiTargetPlatform (41)
[2017.01.26-01.32.49:269][644]LogModuleManager: Shutting down and abandoning module Android_ETC2TargetPlatform (40)
[2017.01.26-01.32.49:269][644]LogModuleManager: Shutting down and abandoning module Android_ETC1TargetPlatform (39)
[2017.01.26-01.32.49:269][644]LogModuleManager: Shutting down and abandoning module Android_DXTTargetPlatform (38)
[2017.01.26-01.32.49:269][644]LogModuleManager: Shutting down and abandoning module Android_ATCTargetPlatform (37)
[2017.01.26-01.32.49:269][644]LogModuleManager: Shutting down and abandoning module Android_ASTCTargetPlatform (36)
[2017.01.26-01.32.49:269][644]LogModuleManager: Shutting down and abandoning module AndroidTargetPlatform (35)
[2017.01.26-01.32.49:269][644]LogModuleManager: Shutting down and abandoning module WindowsTargetPlatform (34)
[2017.01.26-01.32.49:269][644]LogModuleManager: Shutting down and abandoning module WindowsServerTargetPlatform (33)
[2017.01.26-01.32.49:270][644]LogModuleManager: Shutting down and abandoning module WindowsNoEditorTargetPlatform (32)
[2017.01.26-01.32.49:270][644]LogModuleManager: Shutting down and abandoning module WindowsClientTargetPlatform (31)
[2017.01.26-01.32.49:270][644]LogModuleManager: Shutting down and abandoning module MacTargetPlatform (30)
[2017.01.26-01.32.49:270][644]LogModuleManager: Shutting down and abandoning module MacServerTargetPlatform (29)
[2017.01.26-01.32.49:270][644]LogModuleManager: Shutting down and abandoning module MacNoEditorTargetPlatform (28)
[2017.01.26-01.32.49:270][644]LogModuleManager: Shutting down and abandoning module MacClientTargetPlatform (27)
[2017.01.26-01.32.49:270][644]LogModuleManager: Shutting down and abandoning module AllDesktopTargetPlatform (26)
[2017.01.26-01.32.49:270][644]LogModuleManager: Shutting down and abandoning module TargetPlatform (25)
[2017.01.26-01.32.49:270][644]LogModuleManager: Shutting down and abandoning module InputCore (24)
[2017.01.26-01.32.49:270][644]LogModuleManager: Shutting down and abandoning module Settings (23)
[2017.01.26-01.32.49:270][644]LogModuleManager: Shutting down and abandoning module OculusRift (22)
[2017.01.26-01.32.49:270][644]LogModuleManager: Shutting down and abandoning module ExampleDeviceProfileSelector (21)
[2017.01.26-01.32.49:270][644]LogModuleManager: Shutting down and abandoning module OnlineBlueprintSupport (20)
[2017.01.26-01.32.49:270][644]LogModuleManager: Shutting down and abandoning module OnlineSubsystem (18)
[2017.01.26-01.32.49:270][644]LogOnline:Display: Unloading online subsystem: NULL
[2017.01.26-01.32.49:270][644]LogModuleManager: Shutting down and abandoning module SSL (17)
[2017.01.26-01.32.49:271][644]LogModuleManager: Shutting down and abandoning module HTTP (16)
[2017.01.26-01.32.49:271][644]LogModuleManager: Shutting down and abandoning module XMPP (15)
[2017.01.26-01.32.49:271][644]LogModuleManager: Shutting down and abandoning module TextureCompressor (14)
[2017.01.26-01.32.49:271][644]LogModuleManager: Shutting down and abandoning module ShaderCore (13)
[2017.01.26-01.32.49:271][644]LogModuleManager: Shutting down and abandoning module Landscape (12)
[2017.01.26-01.32.49:271][644]LogModuleManager: Shutting down and abandoning module SlateRHIRenderer (11)
[2017.01.26-01.32.49:272][644]LogModuleManager: Shutting down and abandoning module OpenGLDrv (10)
[2017.01.26-01.32.49:273][644]LogModuleManager: Shutting down and abandoning module D3D11RHI (9)
[2017.01.26-01.32.49:273][644]LogModuleManager: Shutting down and abandoning module AnimGraphRuntime (8)
[2017.01.26-01.32.49:273][644]LogModuleManager: Shutting down and abandoning module Renderer (7)
[2017.01.26-01.32.49:273][644]LogModuleManager: Shutting down and abandoning module Engine (6)
[2017.01.26-01.32.49:273][644]LogModuleManager: Shutting down and abandoning module CoreUObject (5)
[2017.01.26-01.32.49:273][644]LogModuleManager: Shutting down and abandoning module NetworkFile (4)
[2017.01.26-01.32.49:273][644]LogModuleManager: Shutting down and abandoning module StreamingFile (3)
[2017.01.26-01.32.49:273][644]LogModuleManager: Shutting down and abandoning module SandboxFile (2)
[2017.01.26-01.32.49:273][644]LogModuleManager: Shutting down and abandoning module PakFile (1)
[2017.01.26-01.32.49:275][644]LogExit: Exiting.
[2017.01.26-01.32.49:276][644]Log file closed, 01/26/17 10:32:49
